<?xml version="1.0" encoding="UTF-8"?>
<!-- Generated by org.testng.reporters.JUnitXMLReporter -->
<testsuite ignored="36" hostname="JOR-WALAAJ" failures="1" tests="3" name=" System Testing Report" time="25.937"
           errors="0" timestamp="2022-12-29T08:13:52 EET">
    <testcase classname="site_test.AeProductDetailsPageTestCases" name="verifyOOSMessageIsDisplayed" time="7.65">
        <skipped/>
    </testcase> <!-- verifyOOSMessageIsDisplayed -->
    <testcase classname="site_test.AeProductDetailsPageTestCases" name="verifyOOSMessageIsDisplayed" time="6.964">
        <failure type="org.openqa.selenium.TimeoutException"
                 message="Expected condition failed: waiting for visibility of Proxy element for: DefaultElementLocator &amp;apos;By.xpath: //span[contains(text(),&amp;quot;We&amp;apos;re sorry for not being able to provide you with&amp;quot;)]&amp;apos; (tried for 5 second(s) with 500 milliseconds interval)">
            <![CDATA[org.openqa.selenium.TimeoutException: Expected condition failed: waiting for visibility of Proxy element for: DefaultElementLocator 'By.xpath: //span[contains(text(),"We're sorry for not being able to provide you with")]' (tried for 5 second(s) with 500 milliseconds interval)
at org.openqa.selenium.support.ui.WebDriverWait.timeoutException(WebDriverWait.java:95)
at org.openqa.selenium.support.ui.FluentWait.until(FluentWait.java:272)
at core.DataHelperAndWait.waitToBeVisible(DataHelperAndWait.java:66)
at site_pages.AeProductDetailsPage.getOOSMsg(AeProductDetailsPage.java:234)
at site_test.AeProductDetailsPageTestCases.verifyOOSMessageIsDisplayed(AeProductDetailsPageTestCases.java:62)
at java.base/java.util.concurrent.ThreadPoolExecutor.runWorker(ThreadPoolExecutor.java:1128)
at java.base/java.util.concurrent.ThreadPoolExecutor$Worker.run(ThreadPoolExecutor.java:628)
at java.base/java.lang.Thread.run(Thread.java:834)
Caused by: org.openqa.selenium.NoSuchElementException: no such element: Unable to locate element: {"method":"xpath","selector":"//span[contains(text(),"We're sorry for not being able to provide you with")]"}
  (Session info: chrome=108.0.5359.125)
For documentation on this error, please visit: https://www.seleniumhq.org/exceptions/no_such_element.html
Build info: version: '3.141.59', revision: 'e82be7d358', time: '2018-11-14T08:17:03'
System info: host: 'JOR-WALAAJ', ip: '192.168.40.8', os.name: 'Windows 10', os.arch: 'amd64', os.version: '10.0', java.version: '11.0.15'
Driver info: org.openqa.selenium.chrome.ChromeDriver
Capabilities {acceptInsecureCerts: false, browserName: chrome, browserVersion: 108.0.5359.125, chrome: {chromedriverVersion: 108.0.5359.71 (1e0e3868ee06..., userDataDir: C:\Users\W92F2~1.JUM\AppDat...}, goog:chromeOptions: {debuggerAddress: localhost:63980}, javascriptEnabled: true, networkConnectionEnabled: false, pageLoadStrategy: normal, platform: WINDOWS, platformName: WINDOWS, proxy: Proxy(), setWindowRect: true, strictFileInteractability: false, timeouts: {implicit: 0, pageLoad: 300000, script: 30000}, unhandledPromptBehavior: dismiss and notify, webauthn:extension:credBlob: true, webauthn:extension:largeBlob: true, webauthn:virtualAuthenticators: true}
Session ID: 67ba6e07ccd5488d9fa0e711d6d34a2d
*** Element info: {Using=xpath, value=//span[contains(text(),"We're sorry for not being able to provide you with")]}
at org.openqa.selenium.remote.http.W3CHttpResponseCodec.createException(W3CHttpResponseCodec.java:187)
at org.openqa.selenium.remote.http.W3CHttpResponseCodec.decode(W3CHttpResponseCodec.java:122)
at org.openqa.selenium.remote.http.W3CHttpResponseCodec.decode(W3CHttpResponseCodec.java:49)
at org.openqa.selenium.remote.HttpCommandExecutor.execute(HttpCommandExecutor.java:158)
at org.openqa.selenium.remote.service.DriverCommandExecutor.execute(DriverCommandExecutor.java:83)
at org.openqa.selenium.remote.RemoteWebDriver.execute(RemoteWebDriver.java:552)
at org.openqa.selenium.remote.RemoteWebDriver.findElement(RemoteWebDriver.java:323)
at org.openqa.selenium.remote.RemoteWebDriver.findElementByXPath(RemoteWebDriver.java:428)
at org.openqa.selenium.By$ByXPath.findElement(By.java:353)
at org.openqa.selenium.remote.RemoteWebDriver.findElement(RemoteWebDriver.java:315)
at org.openqa.selenium.support.pagefactory.DefaultElementLocator.findElement(DefaultElementLocator.java:69)
at org.openqa.selenium.support.pagefactory.internal.LocatingElementHandler.invoke(LocatingElementHandler.java:38)
at com.sun.proxy.$Proxy11.isDisplayed(Unknown Source)
at org.openqa.selenium.support.ui.ExpectedConditions.elementIfVisible(ExpectedConditions.java:314)
at org.openqa.selenium.support.ui.ExpectedConditions.access$000(ExpectedConditions.java:43)
at org.openqa.selenium.support.ui.ExpectedConditions$10.apply(ExpectedConditions.java:300)
at org.openqa.selenium.support.ui.ExpectedConditions$10.apply(ExpectedConditions.java:297)
at org.openqa.selenium.support.ui.FluentWait.until(FluentWait.java:249)
... 18 more
... Removed 15 stack frames]]>
        </failure>
    </testcase> <!-- verifyOOSMessageIsDisplayed -->
    <testcase classname="site_test.AeProductDetailsPageTestCases" name="verifyInabilityToAddOosProductToTheCart"
              time="0.0">
        <skipped/>
    </testcase> <!-- verifyInabilityToAddOosProductToTheCart -->
    <testcase classname="site_test.AeProductDetailsPageTestCases" name="verifyAddToCartBtnInHeaderBarWorksCorrectly"
              time="0.0">
        <ignored/>
    </testcase> <!-- verifyAddToCartBtnInHeaderBarWorksCorrectly -->
    <testcase classname="site_test.AeProductDetailsPageTestCases"
              name="verifySupplementFactsSectionDisplaysCorrectlyInProductDetailsPage" time="0.0">
        <ignored/>
    </testcase> <!-- verifySupplementFactsSectionDisplaysCorrectlyInProductDetailsPage -->
    <testcase classname="site_test.AeProductDetailsPageTestCases" name="verifySearchBtnWorksCorrectlyFromPdp"
              time="0.0">
        <ignored/>
    </testcase> <!-- verifySearchBtnWorksCorrectlyFromPdp -->
    <testcase classname="site_test.AeProductDetailsPageTestCases"
              name="verifyAbilityToNavigateToHomePageByClickingOnSporterLogoFromPdp" time="0.0">
        <ignored/>
    </testcase> <!-- verifyAbilityToNavigateToHomePageByClickingOnSporterLogoFromPdp -->
    <testcase classname="site_test.AeProductDetailsPageTestCases"
              name="verifyAboutBrandSectionDisplaysCorrectlyInProductDetailsPage" time="0.0">
        <ignored/>
    </testcase> <!-- verifyAboutBrandSectionDisplaysCorrectlyInProductDetailsPage -->
    <testcase classname="site_test.AeProductDetailsPageTestCases" name="verifyDecreaseQuantityButtonWorkingFine"
              time="0.0">
        <ignored/>
    </testcase> <!-- verifyDecreaseQuantityButtonWorkingFine -->
    <testcase classname="site_test.AeProductDetailsPageTestCases"
              name="verifyPaginationControlAppearsInReviewsSectionWorksCorrectly" time="0.0">
        <ignored/>
    </testcase> <!-- verifyPaginationControlAppearsInReviewsSectionWorksCorrectly -->
    <testcase classname="site_test.AeProductDetailsPageTestCases" name="verifyAbilityToFillTheReviewWIthLongLength"
              time="0.0">
        <ignored/>
    </testcase> <!-- verifyAbilityToFillTheReviewWIthLongLength -->
    <testcase classname="site_test.AeProductDetailsPageTestCases" name="keepShoppingAfterAddingToTheCart" time="0.0">
        <ignored/>
    </testcase> <!-- keepShoppingAfterAddingToTheCart -->
    <testcase classname="site_test.AeProductDetailsPageTestCases"
              name="verifyAccountProfileIconWorksCorrectlyInProductDetailsPage" time="0.0">
        <ignored/>
    </testcase> <!-- verifyAccountProfileIconWorksCorrectlyInProductDetailsPage -->
    <testcase classname="site_test.AeProductDetailsPageTestCases" name="verifyIncreaseQuantityButtonWorkingFine"
              time="0.0">
        <ignored/>
    </testcase> <!-- verifyIncreaseQuantityButtonWorkingFine -->
    <testcase classname="site_test.AeProductDetailsPageTestCases" name="verifyAbilityToAddProductToCartMultiTimes"
              time="0.0">
        <ignored/>
    </testcase> <!-- verifyAbilityToAddProductToCartMultiTimes -->
    <testcase classname="site_test.AeProductDetailsPageTestCases"
              name="verifySportsMenuIsDisplayedWhenHoveringOnItFromProductDetailsPage" time="0.0">
        <ignored/>
    </testcase> <!-- verifySportsMenuIsDisplayedWhenHoveringOnItFromProductDetailsPage -->
    <testcase classname="site_test.AeProductDetailsPageTestCases"
              name="verifyHealthyFoodMenuIsDisplayedWhenHoveringOnItFromProductDetailsPage" time="0.0">
        <ignored/>
    </testcase> <!-- verifyHealthyFoodMenuIsDisplayedWhenHoveringOnItFromProductDetailsPage -->
    <testcase classname="site_test.AeProductDetailsPageTestCases"
              name="verifyAbilityToDisplayBundleAndSelectAllOptions" time="0.0">
        <ignored/>
    </testcase> <!-- verifyAbilityToDisplayBundleAndSelectAllOptions -->
    <testcase classname="site_test.AeProductDetailsPageTestCases"
              name="verifyAbilityToNavigateToHomePageUsingTheBreadCrumb" time="0.0">
        <ignored/>
    </testcase> <!-- verifyAbilityToNavigateToHomePageUsingTheBreadCrumb -->
    <testcase classname="site_test.AeProductDetailsPageTestCases"
              name="verifyPreviousReviewPageBtnAppearsInReviewsSectionWorksCorrectly" time="0.0">
        <ignored/>
    </testcase> <!-- verifyPreviousReviewPageBtnAppearsInReviewsSectionWorksCorrectly -->
    <testcase classname="site_test.AeProductDetailsPageTestCases"
              name="verifyExpectedDeliveryDateAppearsCorrectlyAndRetrieveDateInPdp" time="0.0">
        <ignored/>
    </testcase> <!-- verifyExpectedDeliveryDateAppearsCorrectlyAndRetrieveDateInPdp -->
    <testcase classname="site_test.AeProductDetailsPageTestCases"
              name="verifyDirectionOfUseSectionDisplaysCorrectlyInProductDetailsPage" time="0.0">
        <ignored/>
    </testcase> <!-- verifyDirectionOfUseSectionDisplaysCorrectlyInProductDetailsPage -->
    <testcase classname="site_test.AeProductDetailsPageTestCases"
              name="verifySimplePriceChangesWhenNavigationBetweenSizesForTheConfig" time="0.0">
        <ignored/>
    </testcase> <!-- verifySimplePriceChangesWhenNavigationBetweenSizesForTheConfig -->
    <testcase classname="site_test.AeProductDetailsPageTestCases" name="verifyInabilityToDisplayUnAvailableOffer"
              time="0.0">
        <ignored/>
    </testcase> <!-- verifyInabilityToDisplayUnAvailableOffer -->
    <testcase classname="site_test.AeProductDetailsPageTestCases"
              name="verifyTheresLabelInPdpToIndicateThatTheresAnOfferOnThisProduct" time="0.0">
        <ignored/>
    </testcase> <!-- verifyTheresLabelInPdpToIndicateThatTheresAnOfferOnThisProduct -->
    <testcase classname="site_test.AeProductDetailsPageTestCases"
              name="verifyVitaminsAndHealthMenuIsDisplayedWhenHoveringOnItFromProductDetailsPage" time="0.0">
        <ignored/>
    </testcase> <!-- verifyVitaminsAndHealthMenuIsDisplayedWhenHoveringOnItFromProductDetailsPage -->
    <testcase classname="site_test.AeProductDetailsPageTestCases"
              name="verifySportSupplementsMenuIsDisplayedWhenHoveringOnItFromProductDetailsPage" time="0.0">
        <ignored/>
    </testcase> <!-- verifySportSupplementsMenuIsDisplayedWhenHoveringOnItFromProductDetailsPage -->
    <testcase classname="site_test.AeProductDetailsPageTestCases" name="viewCartAfterAddingTheProductToIt"
              time="0.0">
        <ignored/>
    </testcase> <!-- viewCartAfterAddingTheProductToIt -->
    <testcase classname="site_test.AeProductDetailsPageTestCases"
              name="verifyAbilityToDisplayTheProductFromSearchScreen" time="0.0">
        <ignored/>
    </testcase> <!-- verifyAbilityToDisplayTheProductFromSearchScreen -->
    <testcase classname="site_test.AeProductDetailsPageTestCases" name="switchToUaeStore" time="0.0">
        <ignored/>
    </testcase> <!-- switchToUaeStore -->
    <testcase classname="site_test.AeProductDetailsPageTestCases"
              name="verifyNextReviewPageBtnAppearsInReviewsSectionWorksCorrectly" time="0.0">
        <ignored/>
    </testcase> <!-- verifyNextReviewPageBtnAppearsInReviewsSectionWorksCorrectly -->
    <testcase classname="site_test.AeProductDetailsPageTestCases"
              name="verifyClickingOnByBrandLinkAppearsInProductNameSectionRedirectUserToCorrectPage" time="0.0">
        <ignored/>
    </testcase> <!-- verifyClickingOnByBrandLinkAppearsInProductNameSectionRedirectUserToCorrectPage -->
    <testcase classname="site_test.AeProductDetailsPageTestCases"
              name="verifyShopByMenuIsDisplayedWhenHoveringOnItFromProductDetailsPage" time="0.0">
        <ignored/>
    </testcase> <!-- verifyShopByMenuIsDisplayedWhenHoveringOnItFromProductDetailsPage -->
    <testcase classname="site_test.AeProductDetailsPageTestCases"
              name="verifyAboutThisProductSectionDisplaysCorrectlyInProductDetailsPage" time="0.0">
        <ignored/>
    </testcase> <!-- verifyAboutThisProductSectionDisplaysCorrectlyInProductDetailsPage -->
    <testcase classname="site_test.AeProductDetailsPageTestCases" name="verifyAbilityToSubmitTheProductReview"
              time="0.0">
        <ignored/>
    </testcase> <!-- verifyAbilityToSubmitTheProductReview -->
    <testcase classname="site_test.AeProductDetailsPageTestCases"
              name="verifyTheProductPriceChangesBasedOnTheSelectedQty" time="0.0">
        <ignored/>
    </testcase> <!-- verifyTheProductPriceChangesBasedOnTheSelectedQty -->
    <testcase classname="site_test.AeProductDetailsPageTestCases"
              name="verifyHeaderBarDisplaysCorrectlyInProductDetailsPageWhenScrollingThePage" time="0.0">
        <ignored/>
    </testcase> <!-- verifyHeaderBarDisplaysCorrectlyInProductDetailsPageWhenScrollingThePage -->
    <testcase classname="site_test.AeProductDetailsPageTestCases" name="verifyAbilityToSwitchToArabicVersionFromPDP"
              time="0.0">
        <ignored/>
    </testcase> <!-- verifyAbilityToSwitchToArabicVersionFromPDP -->
    <testcase classname="site_test.AeProductDetailsPageTestCases"
              name="verifyInabilityToSubmitReviewWithoutSelectingStar" time="0.0">
        <ignored/>
    </testcase> <!-- verifyInabilityToSubmitReviewWithoutSelectingStar -->
</testsuite> <!--  System Testing Report -->
