<!DOCTYPE html>

<html>
<head>
    <meta charset='utf-8'>
    <title>TestNG reports</title>

    <link href="testng-reports1.css" id="ultra" rel="stylesheet" type="text/css"/>
    <link disabled="false" href="testng-reports.css" id="retro" rel="stylesheet" type="text/css"/>
    <script src="jquery-3.6.0.min.js" type="text/javascript"></script>
    <script src="testng-reports.js" type="text/javascript"></script>
    <script src="https://www.google.com/jsapi" type="text/javascript"></script>
    <script type='text/javascript'>
      google.load('visualization', '1', {packages:['table']});
      google.setOnLoadCallback(drawTable);
      var suiteTableInitFunctions = new Array();
      var suiteTableData = new Array();

    </script>
    <!--
      <script type="text/javascript" src="jquery-ui/js/jquery-ui-1.8.16.custom.min.js"></script>
     -->
</head>

<body>
<div class="top-banner-root">
    <span class="top-banner-title-font">Test results</span>
    <button class="button" id="button">Switch Retro Theme</button> <!-- button -->
    <br/>
    <span class="top-banner-font-1">1 suite, 1 failed test</span>
</div> <!-- top-banner-root -->
<div class="navigator-root">
    <div class="navigator-suite-header">
        <span>All suites</span>
        <a class="collapse-all-link" href="#" title="Collapse/expand all the suites">
            <img class="collapse-all-icon" src="collapseall.gif">
            </img> <!-- collapse-all-icon -->
        </a> <!-- collapse-all-link -->
    </div> <!-- navigator-suite-header -->
    <div class="suite">
        <div class="rounded-window">
            <div class="suite-header light-rounded-window-top">
                <a class="navigator-link" href="#" panel-name="suite-_Test">
                    <span class="suite-name border-failed"> Test</span>
                </a> <!-- navigator-link -->
            </div> <!-- suite-header light-rounded-window-top -->
            <div class="navigator-suite-content">
                <div class="suite-section-title">
                    <span>Info</span>
                </div> <!-- suite-section-title -->
                <div class="suite-section-content">
                    <ul>
                        <li>
                            <a class="navigator-link " href="#" panel-name="test-xml-_Test">
                                <span>C:\Users\w.jumaa\IdeaProjects\sporter-web-automation\src\test\resources\TestExecution.xml</span>
                            </a> <!-- navigator-link  -->
                        </li>
                        <li>
                            <a class="navigator-link " href="#" panel-name="testlist-_Test">
                                <span class="test-stats">1 test</span>
                            </a> <!-- navigator-link  -->
                        </li>
                        <li>
                            <a class="navigator-link " href="#" panel-name="group-_Test">
                                <span>0 groups</span>
                            </a> <!-- navigator-link  -->
                        </li>
                        <li>
                            <a class="navigator-link " href="#" panel-name="times-_Test">
                                <span>Times</span>
                            </a> <!-- navigator-link  -->
                        </li>
                        <li>
                            <a class="navigator-link " href="#" panel-name="reporter-_Test">
                                <span>Reporter output</span>
                            </a> <!-- navigator-link  -->
                        </li>
                        <li>
                            <a class="navigator-link " href="#" panel-name="ignored-methods-_Test">
                                <span>Ignored methods</span>
                            </a> <!-- navigator-link  -->
                        </li>
                        <li>
                            <a class="navigator-link " href="#" panel-name="chronological-_Test">
                                <span>Chronological view</span>
                            </a> <!-- navigator-link  -->
                        </li>
                    </ul>
                </div> <!-- suite-section-content -->
                <div class="result-section">
                    <div class="suite-section-title">
                        <span>Results</span>
                    </div> <!-- suite-section-title -->
                    <div class="suite-section-content">
                        <ul>
                            <li>
                                <span class="method-stats">3 methods, 1 failed,  2 skipped,  </span>
                            </li>
                            <li>
                                <span class="method-list-title failed">Failed methods</span>
                                <span class="show-or-hide-methods failed">
                      <a class="hide-methods failed suite-_Test" href="#" panel-name="suite-_Test"> (hide)</a>
                                    <!-- hide-methods failed suite-_Test -->
                      <a class="show-methods failed suite-_Test" href="#" panel-name="suite-_Test"> (show)</a>
                                    <!-- show-methods failed suite-_Test -->
                    </span>
                                <div class="method-list-content failed suite-_Test">
                      <span>
                        <img src="failed.png" width="3%"/>
                        <a class="method navigator-link" hash-for-method="verifyOOSMessageIsDisplayed" href="#"
                           panel-name="suite-_Test" title="sporter_test.AeProductDetailsPageTestCases">verifyOOSMessageIsDisplayed</a>
                          <!-- method navigator-link -->
                      </span>
                                    <br/>
                                </div> <!-- method-list-content failed suite-_Test -->
                            </li>
                            <li>
                                <span class="method-list-title skipped">Skipped methods</span>
                                <span class="show-or-hide-methods skipped">
                      <a class="hide-methods skipped suite-_Test" href="#" panel-name="suite-_Test"> (hide)</a>
                                    <!-- hide-methods skipped suite-_Test -->
                      <a class="show-methods skipped suite-_Test" href="#" panel-name="suite-_Test"> (show)</a>
                                    <!-- show-methods skipped suite-_Test -->
                    </span>
                                <div class="method-list-content skipped suite-_Test">
                      <span>
                        <img src="skipped.png" width="3%"/>
                        <a class="method navigator-link" hash-for-method="verifyInabilityToAddOosProductToTheCart" href="#"
                           panel-name="suite-_Test" title="sporter_test.AeProductDetailsPageTestCases">verifyInabilityToAddOosProductToTheCart</a>
                          <!-- method navigator-link -->
                      </span>
                                    <br/>
                                </div> <!-- method-list-content skipped suite-_Test -->
                            </li>
                            <li>
                                <span class="method-list-title skipped">Retried methods</span>
                                <span class="show-or-hide-methods skipped">
                      <a class="hide-methods skipped suite-_Test" href="#" panel-name="suite-_Test"> (hide)</a>
                                    <!-- hide-methods skipped suite-_Test -->
                      <a class="show-methods skipped suite-_Test" href="#" panel-name="suite-_Test"> (show)</a>
                                    <!-- show-methods skipped suite-_Test -->
                    </span>
                                <div class="method-list-content skipped suite-_Test">
                      <span>
                        <img src="skipped.png" width="3%"/>
                        <a class="method navigator-link" hash-for-method="verifyOOSMessageIsDisplayed" href="#"
                           panel-name="suite-_Test" title="sporter_test.AeProductDetailsPageTestCases">verifyOOSMessageIsDisplayed</a>
                          <!-- method navigator-link -->
                      </span>
                                    <br/>
                                </div> <!-- method-list-content skipped suite-_Test -->
                            </li>
                        </ul>
                    </div> <!-- suite-section-content -->
                </div> <!-- result-section -->
            </div> <!-- navigator-suite-content -->
        </div> <!-- rounded-window -->
    </div> <!-- suite -->
</div> <!-- navigator-root -->
<div class="wrapper">
    <div class="main-panel-root">
        <div class="panel _Test" panel-name="suite-_Test">
            <div class="suite-_Test-class-failed">
                <div class="main-panel-header rounded-window-top">
                    <img src="failed.png"/>
                    <span class="class-name">sporter_test.AeProductDetailsPageTestCases</span>
                </div> <!-- main-panel-header rounded-window-top -->
                <div class="main-panel-content rounded-window-bottom">
                    <div class="method">
                        <div class="method-content">
                            <a name="verifyOOSMessageIsDisplayed">
                            </a> <!-- verifyOOSMessageIsDisplayed -->
                            <span class="method-name">verifyOOSMessageIsDisplayed</span>
                            <div class="stack-trace">org.openqa.selenium.TimeoutException: Expected condition failed:
                                waiting for visibility of Proxy element for: DefaultElementLocator &apos;By.xpath:
                                //span[contains(text(),&quot;We&apos;re sorry for not being able to provide you with&quot;)]&apos;
                                (tried for 5 second(s) with 500 milliseconds interval)
                                at org.openqa.selenium.support.ui.WebDriverWait.timeoutException(WebDriverWait.java:95)
                                at org.openqa.selenium.support.ui.FluentWait.until(FluentWait.java:272)
                                at core.DataHelperAndWait.waitToBeVisible(DataHelperAndWait.java:66)
                                at sporter_pages.AeProductDetailsPage.getOOSMsg(AeProductDetailsPage.java:234)
                                at
                                sporter_test.AeProductDetailsPageTestCases.verifyOOSMessageIsDisplayed(AeProductDetailsPageTestCases.java:62)
                                at
                                java.base/java.util.concurrent.ThreadPoolExecutor.runWorker(ThreadPoolExecutor.java:1128)
                                at
                                java.base/java.util.concurrent.ThreadPoolExecutor$Worker.run(ThreadPoolExecutor.java:628)
                                at java.base/java.lang.Thread.run(Thread.java:834)
                                Caused by: org.openqa.selenium.NoSuchElementException: no such element: Unable to locate
                                element: {&quot;method&quot;:&quot;xpath&quot;,&quot;selector&quot;:&quot;//span[contains(text(),&quot;We&apos;re
                                sorry for not being able to provide you with&quot;)]&quot;}
                                (Session info: chrome=108.0.5359.125)
                                For documentation on this error, please visit:
                                https://www.seleniumhq.org/exceptions/no_such_element.html
                                Build info: version: &apos;3.141.59&apos;, revision: &apos;e82be7d358&apos;, time:
                                &apos;2018-11-14T08:17:03&apos;
                                System info: host: &apos;JOR-WALAAJ&apos;, ip: &apos;192.168.40.8&apos;, os.name: &apos;Windows
                                10&apos;, os.arch: &apos;amd64&apos;, os.version: &apos;10.0&apos;, java.version: &apos;11.0.15&apos;
                                Driver info: org.openqa.selenium.chrome.ChromeDriver
                                Capabilities {acceptInsecureCerts: false, browserName: chrome, browserVersion:
                                108.0.5359.125, chrome: {chromedriverVersion: 108.0.5359.71 (1e0e3868ee06...,
                                userDataDir: C:\Users\W92F2~1.JUM\AppDat...}, goog:chromeOptions: {debuggerAddress:
                                localhost:63532}, javascriptEnabled: true, networkConnectionEnabled: false,
                                pageLoadStrategy: normal, platform: WINDOWS, platformName: WINDOWS, proxy: Proxy(),
                                setWindowRect: true, strictFileInteractability: false, timeouts: {implicit: 0, pageLoad:
                                300000, script: 30000}, unhandledPromptBehavior: dismiss and notify,
                                webauthn:extension:credBlob: true, webauthn:extension:largeBlob: true,
                                webauthn:virtualAuthenticators: true}
                                Session ID: a019b6f59e9495e659ed1569e9166fdc
                                *** Element info: {Using=xpath, value=//span[contains(text(),&quot;We&apos;re sorry for
                                not being able to provide you with&quot;)]}
                                at
                                org.openqa.selenium.remote.http.W3CHttpResponseCodec.createException(W3CHttpResponseCodec.java:187)
                                at
                                org.openqa.selenium.remote.http.W3CHttpResponseCodec.decode(W3CHttpResponseCodec.java:122)
                                at
                                org.openqa.selenium.remote.http.W3CHttpResponseCodec.decode(W3CHttpResponseCodec.java:49)
                                at org.openqa.selenium.remote.HttpCommandExecutor.execute(HttpCommandExecutor.java:158)
                                at
                                org.openqa.selenium.remote.service.DriverCommandExecutor.execute(DriverCommandExecutor.java:83)
                                at org.openqa.selenium.remote.RemoteWebDriver.execute(RemoteWebDriver.java:552)
                                at org.openqa.selenium.remote.RemoteWebDriver.findElement(RemoteWebDriver.java:323)
                                at
                                org.openqa.selenium.remote.RemoteWebDriver.findElementByXPath(RemoteWebDriver.java:428)
                                at org.openqa.selenium.By$ByXPath.findElement(By.java:353)
                                at org.openqa.selenium.remote.RemoteWebDriver.findElement(RemoteWebDriver.java:315)
                                at
                                org.openqa.selenium.support.pagefactory.DefaultElementLocator.findElement(DefaultElementLocator.java:69)
                                at
                                org.openqa.selenium.support.pagefactory.internal.LocatingElementHandler.invoke(LocatingElementHandler.java:38)
                                at com.sun.proxy.$Proxy11.isDisplayed(Unknown Source)
                                at
                                org.openqa.selenium.support.ui.ExpectedConditions.elementIfVisible(ExpectedConditions.java:314)
                                at
                                org.openqa.selenium.support.ui.ExpectedConditions.access$000(ExpectedConditions.java:43)
                                at
                                org.openqa.selenium.support.ui.ExpectedConditions$10.apply(ExpectedConditions.java:300)
                                at
                                org.openqa.selenium.support.ui.ExpectedConditions$10.apply(ExpectedConditions.java:297)
                                at org.openqa.selenium.support.ui.FluentWait.until(FluentWait.java:249)
                                ... 18 more
                                ... Removed 15 stack frames
                            </div> <!-- stack-trace -->
                            <em>
                                (Make sure the out of stock message appears when displaying out of stock product ) </em>
                        </div> <!-- method-content -->
                    </div> <!-- method -->
                </div> <!-- main-panel-content rounded-window-bottom -->
            </div> <!-- suite-_Test-class-failed -->
            <div class="suite-_Test-class-skipped">
                <div class="main-panel-header rounded-window-top">
                    <img src="skipped.png"/>
                    <span class="class-name">sporter_test.AeProductDetailsPageTestCases</span>
                </div> <!-- main-panel-header rounded-window-top -->
                <div class="main-panel-content rounded-window-bottom">
                    <div class="method">
                        <div class="method-content">
                            <a name="verifyInabilityToAddOosProductToTheCart">
                            </a> <!-- verifyInabilityToAddOosProductToTheCart -->
                            <span class="method-name">verifyInabilityToAddOosProductToTheCart</span>
                            <div class="stack-trace">java.lang.Throwable: Method
                                sporter_test.AeProductDetailsPageTestCases.verifyInabilityToAddOosProductToTheCart() on
                                instance sporter_test.AeProductDetailsPageTestCases@50caa560 depends on not successfully
                                finished methods
                                [sporter_test.AeProductDetailsPageTestCases.verifyOOSMessageIsDisplayed() on instance
                                sporter_test.AeProductDetailsPageTestCases@50caa560]
                                at
                                java.base/java.util.concurrent.ThreadPoolExecutor.runWorker(ThreadPoolExecutor.java:1128)
                                at
                                java.base/java.util.concurrent.ThreadPoolExecutor$Worker.run(ThreadPoolExecutor.java:628)
                                at java.base/java.lang.Thread.run(Thread.java:834)
                                ... Removed 3 stack frames
                            </div> <!-- stack-trace -->
                            <em>
                                (Make sure the shopper is unable to add out of stock product to the cart) </em>
                        </div> <!-- method-content -->
                    </div> <!-- method -->
                    <div class="method">
                        <div class="method-content">
                            <a name="verifyOOSMessageIsDisplayed">
                            </a> <!-- verifyOOSMessageIsDisplayed -->
                            <span class="method-name">verifyOOSMessageIsDisplayed</span>
                            <div class="stack-trace">org.openqa.selenium.TimeoutException: Expected condition failed:
                                waiting for visibility of Proxy element for: DefaultElementLocator &apos;By.xpath:
                                //span[contains(text(),&quot;We&apos;re sorry for not being able to provide you with&quot;)]&apos;
                                (tried for 5 second(s) with 500 milliseconds interval)
                                at org.openqa.selenium.support.ui.WebDriverWait.timeoutException(WebDriverWait.java:95)
                                at org.openqa.selenium.support.ui.FluentWait.until(FluentWait.java:272)
                                at core.DataHelperAndWait.waitToBeVisible(DataHelperAndWait.java:66)
                                at sporter_pages.AeProductDetailsPage.getOOSMsg(AeProductDetailsPage.java:234)
                                at
                                sporter_test.AeProductDetailsPageTestCases.verifyOOSMessageIsDisplayed(AeProductDetailsPageTestCases.java:62)
                                at
                                java.base/java.util.concurrent.ThreadPoolExecutor.runWorker(ThreadPoolExecutor.java:1128)
                                at
                                java.base/java.util.concurrent.ThreadPoolExecutor$Worker.run(ThreadPoolExecutor.java:628)
                                at java.base/java.lang.Thread.run(Thread.java:834)
                                Caused by: org.openqa.selenium.NoSuchElementException: no such element: Unable to locate
                                element: {&quot;method&quot;:&quot;xpath&quot;,&quot;selector&quot;:&quot;//span[contains(text(),&quot;We&apos;re
                                sorry for not being able to provide you with&quot;)]&quot;}
                                (Session info: chrome=108.0.5359.125)
                                For documentation on this error, please visit:
                                https://www.seleniumhq.org/exceptions/no_such_element.html
                                Build info: version: &apos;3.141.59&apos;, revision: &apos;e82be7d358&apos;, time:
                                &apos;2018-11-14T08:17:03&apos;
                                System info: host: &apos;JOR-WALAAJ&apos;, ip: &apos;192.168.40.8&apos;, os.name: &apos;Windows
                                10&apos;, os.arch: &apos;amd64&apos;, os.version: &apos;10.0&apos;, java.version: &apos;11.0.15&apos;
                                Driver info: org.openqa.selenium.chrome.ChromeDriver
                                Capabilities {acceptInsecureCerts: false, browserName: chrome, browserVersion:
                                108.0.5359.125, chrome: {chromedriverVersion: 108.0.5359.71 (1e0e3868ee06...,
                                userDataDir: C:\Users\W92F2~1.JUM\AppDat...}, goog:chromeOptions: {debuggerAddress:
                                localhost:63532}, javascriptEnabled: true, networkConnectionEnabled: false,
                                pageLoadStrategy: normal, platform: WINDOWS, platformName: WINDOWS, proxy: Proxy(),
                                setWindowRect: true, strictFileInteractability: false, timeouts: {implicit: 0, pageLoad:
                                300000, script: 30000}, unhandledPromptBehavior: dismiss and notify,
                                webauthn:extension:credBlob: true, webauthn:extension:largeBlob: true,
                                webauthn:virtualAuthenticators: true}
                                Session ID: a019b6f59e9495e659ed1569e9166fdc
                                *** Element info: {Using=xpath, value=//span[contains(text(),&quot;We&apos;re sorry for
                                not being able to provide you with&quot;)]}
                                at
                                org.openqa.selenium.remote.http.W3CHttpResponseCodec.createException(W3CHttpResponseCodec.java:187)
                                at
                                org.openqa.selenium.remote.http.W3CHttpResponseCodec.decode(W3CHttpResponseCodec.java:122)
                                at
                                org.openqa.selenium.remote.http.W3CHttpResponseCodec.decode(W3CHttpResponseCodec.java:49)
                                at org.openqa.selenium.remote.HttpCommandExecutor.execute(HttpCommandExecutor.java:158)
                                at
                                org.openqa.selenium.remote.service.DriverCommandExecutor.execute(DriverCommandExecutor.java:83)
                                at org.openqa.selenium.remote.RemoteWebDriver.execute(RemoteWebDriver.java:552)
                                at org.openqa.selenium.remote.RemoteWebDriver.findElement(RemoteWebDriver.java:323)
                                at
                                org.openqa.selenium.remote.RemoteWebDriver.findElementByXPath(RemoteWebDriver.java:428)
                                at org.openqa.selenium.By$ByXPath.findElement(By.java:353)
                                at org.openqa.selenium.remote.RemoteWebDriver.findElement(RemoteWebDriver.java:315)
                                at
                                org.openqa.selenium.support.pagefactory.DefaultElementLocator.findElement(DefaultElementLocator.java:69)
                                at
                                org.openqa.selenium.support.pagefactory.internal.LocatingElementHandler.invoke(LocatingElementHandler.java:38)
                                at com.sun.proxy.$Proxy11.isDisplayed(Unknown Source)
                                at
                                org.openqa.selenium.support.ui.ExpectedConditions.elementIfVisible(ExpectedConditions.java:314)
                                at
                                org.openqa.selenium.support.ui.ExpectedConditions.access$000(ExpectedConditions.java:43)
                                at
                                org.openqa.selenium.support.ui.ExpectedConditions$10.apply(ExpectedConditions.java:300)
                                at
                                org.openqa.selenium.support.ui.ExpectedConditions$10.apply(ExpectedConditions.java:297)
                                at org.openqa.selenium.support.ui.FluentWait.until(FluentWait.java:249)
                                ... 18 more
                                ... Removed 16 stack frames
                            </div> <!-- stack-trace -->
                            <em>
                                (Make sure the out of stock message appears when displaying out of stock product ) </em>
                        </div> <!-- method-content -->
                    </div> <!-- method -->
                </div> <!-- main-panel-content rounded-window-bottom -->
            </div> <!-- suite-_Test-class-skipped -->
        </div> <!-- panel _Test -->
        <div class="panel" panel-name="test-xml-_Test">
            <div class="main-panel-header rounded-window-top">
                <span class="header-content">C:\Users\w.jumaa\IdeaProjects\sporter-web-automation\src\test\resources\TestExecution.xml</span>
            </div> <!-- main-panel-header rounded-window-top -->
            <div class="main-panel-content rounded-window-bottom">
            <pre>
&lt;?xml version=&quot;1.0&quot; encoding=&quot;UTF-8&quot;?&gt;
&lt;!DOCTYPE suite SYSTEM &quot;https://testng.org/testng-1.0.dtd&quot;&gt;
&lt;suite thread-count=&quot;2&quot; parallel=&quot;methods&quot; name=&quot; Test&quot; guice-stage=&quot;DEVELOPMENT&quot;&gt;
  &lt;listeners&gt;
    &lt;listener class-name=&quot;retry_failed_test_cases.AnnotationTransfer&quot;/&gt;
  &lt;/listeners&gt;
  &lt;test thread-count=&quot;2&quot; parallel=&quot;methods&quot; name=&quot; System Testing Report&quot;&gt;
    &lt;parameter name=&quot;environment&quot; value=&quot;production&quot;/&gt;
    &lt;classes&gt;
      &lt;class name=&quot;sporter_test.AeProductDetailsPageTestCases&quot;&gt;
        &lt;methods&gt;
          &lt;include name=&quot;verifyInabilityToAddOosProductToTheCart&quot;/&gt;
          &lt;include name=&quot;verifyOOSMessageIsDisplayed&quot;/&gt;
        &lt;/methods&gt;
      &lt;/class&gt; &lt;!-- sporter_test.AeProductDetailsPageTestCases --&gt;
    &lt;/classes&gt;
  &lt;/test&gt; &lt;!--  System Testing Report --&gt;
&lt;/suite&gt; &lt;!--  Test --&gt;
            </pre>
            </div> <!-- main-panel-content rounded-window-bottom -->
        </div> <!-- panel -->
        <div class="panel" panel-name="testlist-_Test">
            <div class="main-panel-header rounded-window-top">
                <span class="header-content">Tests for  Test</span>
            </div> <!-- main-panel-header rounded-window-top -->
            <div class="main-panel-content rounded-window-bottom">
                <ul>
                    <li>
                        <span class="test-name"> System Testing Report (1 class)</span>
                    </li>
                </ul>
            </div> <!-- main-panel-content rounded-window-bottom -->
        </div> <!-- panel -->
        <div class="panel" panel-name="group-_Test">
            <div class="main-panel-header rounded-window-top">
                <span class="header-content">Groups for  Test</span>
            </div> <!-- main-panel-header rounded-window-top -->
            <div class="main-panel-content rounded-window-bottom">
            </div> <!-- main-panel-content rounded-window-bottom -->
        </div> <!-- panel -->
        <div class="panel" panel-name="times-_Test">
            <div class="main-panel-header rounded-window-top">
                <span class="header-content">Times for  Test</span>
            </div> <!-- main-panel-header rounded-window-top -->
            <div class="main-panel-content rounded-window-bottom">
                <div class="times-div">
                    <script type="text/javascript">
suiteTableInitFunctions.push('tableData__Test');
function tableData__Test() {
var data = new google.visualization.DataTable();
data.addColumn('number', 'Number');
data.addColumn('string', 'Method');
data.addColumn('string', 'Class');
data.addColumn('number', 'Time (ms)');
data.addRows(3);
data.setCell(0, 0, 0)
data.setCell(0, 1, 'verifyOOSMessageIsDisplayed')
data.setCell(0, 2, 'sporter_test.AeProductDetailsPageTestCases')
data.setCell(0, 3, 8461);
data.setCell(1, 0, 1)
data.setCell(1, 1, 'verifyOOSMessageIsDisplayed')
data.setCell(1, 2, 'sporter_test.AeProductDetailsPageTestCases')
data.setCell(1, 3, 7425);
data.setCell(2, 0, 2)
data.setCell(2, 1, 'verifyInabilityToAddOosProductToTheCart')
data.setCell(2, 2, 'sporter_test.AeProductDetailsPageTestCases')
data.setCell(2, 3, 0);
window.suiteTableData['_Test']= { tableData: data, tableDiv: 'times-div-_Test'}
return data;
}

                    </script>
                    <span class="suite-total-time">Total running time: 15 seconds</span>
                    <div id="times-div-_Test">
                    </div> <!-- times-div-_Test -->
                </div> <!-- times-div -->
            </div> <!-- main-panel-content rounded-window-bottom -->
        </div> <!-- panel -->
        <div class="panel" panel-name="reporter-_Test">
            <div class="main-panel-header rounded-window-top">
                <span class="header-content">Reporter output for  Test</span>
            </div> <!-- main-panel-header rounded-window-top -->
            <div class="main-panel-content rounded-window-bottom">
            </div> <!-- main-panel-content rounded-window-bottom -->
        </div> <!-- panel -->
        <div class="panel" panel-name="ignored-methods-_Test">
            <div class="main-panel-header rounded-window-top">
                <span class="header-content">36 ignored methods</span>
            </div> <!-- main-panel-header rounded-window-top -->
            <div class="main-panel-content rounded-window-bottom">
                <div class="ignored-class-div">
                    <span class="ignored-class-name">sporter_test.AeProductDetailsPageTestCases</span>
                    <div class="ignored-methods-div">
                        <span class="ignored-method-name">verifyTheresLabelInPdpToIndicateThatTheresAnOfferOnThisProduct</span>
                        <br/>
                        <span class="ignored-method-name">verifyDirectionOfUseSectionDisplaysCorrectlyInProductDetailsPage</span>
                        <br/>
                        <span class="ignored-method-name">verifyAbilityToNavigateToHomePageUsingTheBreadCrumb</span>
                        <br/>
                        <span class="ignored-method-name">verifyAccountProfileIconWorksCorrectlyInProductDetailsPage</span>
                        <br/>
                        <span class="ignored-method-name">verifyNextReviewPageBtnAppearsInReviewsSectionWorksCorrectly</span>
                        <br/>
                        <span class="ignored-method-name">verifyPreviousReviewPageBtnAppearsInReviewsSectionWorksCorrectly</span>
                        <br/>
                        <span class="ignored-method-name">verifyExpectedDeliveryDateAppearsCorrectlyAndRetrieveDateInPdp</span>
                        <br/>
                        <span class="ignored-method-name">verifyAbilityToSubmitTheProductReview</span>
                        <br/>
                        <span class="ignored-method-name">verifyVitaminsAndHealthMenuIsDisplayedWhenHoveringOnItFromProductDetailsPage</span>
                        <br/>
                        <span class="ignored-method-name">viewCartAfterAddingTheProductToIt</span>
                        <br/>
                        <span class="ignored-method-name">verifyAbilityToDisplayTheProductFromSearchScreen</span>
                        <br/>
                        <span class="ignored-method-name">keepShoppingAfterAddingToTheCart</span>
                        <br/>
                        <span class="ignored-method-name">verifySportsMenuIsDisplayedWhenHoveringOnItFromProductDetailsPage</span>
                        <br/>
                        <span class="ignored-method-name">verifySearchBtnWorksCorrectlyFromPdp</span>
                        <br/>
                        <span class="ignored-method-name">verifySupplementFactsSectionDisplaysCorrectlyInProductDetailsPage</span>
                        <br/>
                        <span class="ignored-method-name">verifyAbilityToNavigateToHomePageByClickingOnSporterLogoFromPdp</span>
                        <br/>
                        <span class="ignored-method-name">verifyAddToCartBtnInHeaderBarWorksCorrectly</span>
                        <br/>
                        <span class="ignored-method-name">verifyAboutThisProductSectionDisplaysCorrectlyInProductDetailsPage</span>
                        <br/>
                        <span class="ignored-method-name">verifyTheProductPriceChangesBasedOnTheSelectedQty</span>
                        <br/>
                        <span class="ignored-method-name">verifyAbilityToDisplayBundleAndSelectAllOptions</span>
                        <br/>
                        <span class="ignored-method-name">verifyHeaderBarDisplaysCorrectlyInProductDetailsPageWhenScrollingThePage</span>
                        <br/>
                        <span class="ignored-method-name">verifyInabilityToSubmitReviewWithoutSelectingStar</span>
                        <br/>
                        <span class="ignored-method-name">verifyAbilityToSwitchToArabicVersionFromPDP</span>
                        <br/>
                        <span class="ignored-method-name">verifyInabilityToDisplayUnAvailableOffer</span>
                        <br/>
                        <span class="ignored-method-name">verifyShopByMenuIsDisplayedWhenHoveringOnItFromProductDetailsPage</span>
                        <br/>
                        <span class="ignored-method-name">verifyHealthyFoodMenuIsDisplayedWhenHoveringOnItFromProductDetailsPage</span>
                        <br/>
                        <span class="ignored-method-name">verifyAboutBrandSectionDisplaysCorrectlyInProductDetailsPage</span>
                        <br/>
                        <span class="ignored-method-name">verifyAbilityToAddProductToCartMultiTimes</span>
                        <br/>
                        <span class="ignored-method-name">verifySimplePriceChangesWhenNavigationBetweenSizesForTheConfig</span>
                        <br/>
                        <span class="ignored-method-name">verifyIncreaseQuantityButtonWorkingFine</span>
                        <br/>
                        <span class="ignored-method-name">switchToUaeStore</span>
                        <br/>
                        <span class="ignored-method-name">verifyClickingOnByBrandLinkAppearsInProductNameSectionRedirectUserToCorrectPage</span>
                        <br/>
                        <span class="ignored-method-name">verifyDecreaseQuantityButtonWorkingFine</span>
                        <br/>
                        <span class="ignored-method-name">verifyPaginationControlAppearsInReviewsSectionWorksCorrectly</span>
                        <br/>
                        <span class="ignored-method-name">verifyAbilityToFillTheReviewWIthLongLength</span>
                        <br/>
                        <span class="ignored-method-name">verifySportSupplementsMenuIsDisplayedWhenHoveringOnItFromProductDetailsPage</span>
                        <br/>
                    </div> <!-- ignored-methods-div -->
                </div> <!-- ignored-class-div -->
            </div> <!-- main-panel-content rounded-window-bottom -->
        </div> <!-- panel -->
        <div class="panel" panel-name="chronological-_Test">
            <div class="main-panel-header rounded-window-top">
                <span class="header-content">Methods in chronological order</span>
            </div> <!-- main-panel-header rounded-window-top -->
            <div class="main-panel-content rounded-window-bottom">
                <div class="chronological-class">
                    <div class="chronological-class-name">sporter_test.AeProductDetailsPageTestCases</div>
                    <!-- chronological-class-name -->
                    <div class="configuration-class before">
                        <span class="method-name">setupBrowser(production)</span>
                        <span class="method-start">0 ms</span>
                    </div> <!-- configuration-class before -->
                    <div class="test-method">
                        <span class="method-name">verifyOOSMessageIsDisplayed</span>
                        <span class="method-start">11159 ms</span>
                    </div> <!-- test-method -->
                    <div class="test-method">
                        <img src="failed.png">
                        </img>
                        <span class="method-name">verifyOOSMessageIsDisplayed</span>
                        <span class="method-start">19624 ms</span>
                    </div> <!-- test-method -->
                    <div class="test-method">
                        <span class="method-name">verifyInabilityToAddOosProductToTheCart</span>
                        <span class="method-start">27065 ms</span>
                    </div> <!-- test-method -->
                    <div class="configuration-class after">
                        <span class="method-name">tearDown</span>
                        <span class="method-start">27066 ms</span>
                    </div> <!-- configuration-class after -->
                </div> <!-- main-panel-content rounded-window-bottom -->
            </div> <!-- panel -->
        </div> <!-- main-panel-root -->
    </div> <!-- wrapper -->
</body>
<script src="testng-reports2.js" type="text/javascript"></script>
</html>
