<?xml version="1.0" encoding="UTF-8"?>
<testng-results retried="1" ignored="36" total="39" passed="0" failed="1" skipped="1">
    <reporter-output>
    </reporter-output>
    <suite started-at="2022-12-29T08:13:26 EET" name=" Test" finished-at="2022-12-29T08:13:52 EET" duration-ms="25937">
        <groups>
        </groups>
        <test started-at="2022-12-29T08:13:26 EET" name=" System Testing Report" finished-at="2022-12-29T08:13:52 EET"
              duration-ms="25937">
            <class name="sporter_test.AeProductDetailsPageTestCases">
                <test-method is-config="true"
                             signature="setupBrowser(java.lang.String)[pri:0, instance:sporter_test.AeProductDetailsPageTestCases@306e95ec]"
                             started-at="2022-12-29T08:13:27 EET" name="setupBrowser"
                             finished-at="2022-12-29T08:13:36 EET" duration-ms="9849" status="PASS">
                    <params>
                        <param index="0">
                            <value>
                                <![CDATA[production]]>
                            </value>
                        </param>
                    </params>
                    <reporter-output>
                    </reporter-output>
                </test-method> <!-- setupBrowser -->
                <test-method retried="true"
                             signature="verifyOOSMessageIsDisplayed()[pri:4, instance:sporter_test.AeProductDetailsPageTestCases@306e95ec]"
                             started-at="2022-12-29T08:13:36 EET" name="verifyOOSMessageIsDisplayed"
                             description="Make sure the out of stock message appears when displaying out of stock product "
                             finished-at="2022-12-29T08:13:44 EET" duration-ms="7650" status="SKIP">
                    <exception class="org.openqa.selenium.TimeoutException">
                        <message>
                            <![CDATA[Expected condition failed: waiting for visibility of Proxy element for: DefaultElementLocator 'By.xpath: //span[contains(text(),"We're sorry for not being able to provide you with")]' (tried for 5 second(s) with 500 milliseconds interval)]]>
                        </message>
                        <full-stacktrace>
                            <![CDATA[org.openqa.selenium.TimeoutException: Expected condition failed: waiting for visibility of Proxy element for: DefaultElementLocator 'By.xpath: //span[contains(text(),"We're sorry for not being able to provide you with")]' (tried for 5 second(s) with 500 milliseconds interval)
at org.openqa.selenium.support.ui.WebDriverWait.timeoutException(WebDriverWait.java:95)
at org.openqa.selenium.support.ui.FluentWait.until(FluentWait.java:272)
at core.DataHelperAndWait.waitToBeVisible(DataHelperAndWait.java:66)
at sporter_pages.AeProductDetailsPage.getOOSMsg(AeProductDetailsPage.java:234)
at sporter_test.AeProductDetailsPageTestCases.verifyOOSMessageIsDisplayed(AeProductDetailsPageTestCases.java:62)
at java.base/jdk.internal.reflect.NativeMethodAccessorImpl.invoke0(Native Method)
at java.base/jdk.internal.reflect.NativeMethodAccessorImpl.invoke(NativeMethodAccessorImpl.java:62)
at java.base/jdk.internal.reflect.DelegatingMethodAccessorImpl.invoke(DelegatingMethodAccessorImpl.java:43)
at java.base/java.lang.reflect.Method.invoke(Method.java:566)
at org.testng.internal.invokers.MethodInvocationHelper.invokeMethod(MethodInvocationHelper.java:139)
at org.testng.internal.invokers.TestInvoker.invokeMethod(TestInvoker.java:677)
at org.testng.internal.invokers.TestInvoker.invokeTestMethod(TestInvoker.java:221)
at org.testng.internal.invokers.MethodRunner.runInSequence(MethodRunner.java:50)
at org.testng.internal.invokers.TestInvoker$MethodInvocationAgent.invoke(TestInvoker.java:962)
at org.testng.internal.invokers.TestInvoker.invokeTestMethods(TestInvoker.java:194)
at org.testng.internal.invokers.TestMethodWorker.invokeTestMethods(TestMethodWorker.java:148)
at org.testng.internal.invokers.TestMethodWorker.run(TestMethodWorker.java:128)
at java.base/java.util.concurrent.ThreadPoolExecutor.runWorker(ThreadPoolExecutor.java:1128)
at java.base/java.util.concurrent.ThreadPoolExecutor$Worker.run(ThreadPoolExecutor.java:628)
at java.base/java.lang.Thread.run(Thread.java:834)
Caused by: org.openqa.selenium.NoSuchElementException: no such element: Unable to locate element: {"method":"xpath","selector":"//span[contains(text(),"We're sorry for not being able to provide you with")]"}
  (Session info: chrome=108.0.5359.125)
For documentation on this error, please visit: https://www.seleniumhq.org/exceptions/no_such_element.html
Build info: version: '3.141.59', revision: 'e82be7d358', time: '2018-11-14T08:17:03'
System info: host: 'JOR-WALAAJ', ip: '192.168.40.8', os.name: 'Windows 10', os.arch: 'amd64', os.version: '10.0', java.version: '11.0.15'
Driver info: org.openqa.selenium.chrome.ChromeDriver
Capabilities {acceptInsecureCerts: false, browserName: chrome, browserVersion: 108.0.5359.125, chrome: {chromedriverVersion: 108.0.5359.71 (1e0e3868ee06..., userDataDir: C:\Users\W92F2~1.JUM\AppDat...}, goog:chromeOptions: {debuggerAddress: localhost:63980}, javascriptEnabled: true, networkConnectionEnabled: false, pageLoadStrategy: normal, platform: WINDOWS, platformName: WINDOWS, proxy: Proxy(), setWindowRect: true, strictFileInteractability: false, timeouts: {implicit: 0, pageLoad: 300000, script: 30000}, unhandledPromptBehavior: dismiss and notify, webauthn:extension:credBlob: true, webauthn:extension:largeBlob: true, webauthn:virtualAuthenticators: true}
Session ID: 67ba6e07ccd5488d9fa0e711d6d34a2d
*** Element info: {Using=xpath, value=//span[contains(text(),"We're sorry for not being able to provide you with")]}
at java.base/jdk.internal.reflect.NativeConstructorAccessorImpl.newInstance0(Native Method)
at java.base/jdk.internal.reflect.NativeConstructorAccessorImpl.newInstance(NativeConstructorAccessorImpl.java:62)
at java.base/jdk.internal.reflect.DelegatingConstructorAccessorImpl.newInstance(DelegatingConstructorAccessorImpl.java:45)
at java.base/java.lang.reflect.Constructor.newInstance(Constructor.java:490)
at org.openqa.selenium.remote.http.W3CHttpResponseCodec.createException(W3CHttpResponseCodec.java:187)
at org.openqa.selenium.remote.http.W3CHttpResponseCodec.decode(W3CHttpResponseCodec.java:122)
at org.openqa.selenium.remote.http.W3CHttpResponseCodec.decode(W3CHttpResponseCodec.java:49)
at org.openqa.selenium.remote.HttpCommandExecutor.execute(HttpCommandExecutor.java:158)
at org.openqa.selenium.remote.service.DriverCommandExecutor.execute(DriverCommandExecutor.java:83)
at org.openqa.selenium.remote.RemoteWebDriver.execute(RemoteWebDriver.java:552)
at org.openqa.selenium.remote.RemoteWebDriver.findElement(RemoteWebDriver.java:323)
at org.openqa.selenium.remote.RemoteWebDriver.findElementByXPath(RemoteWebDriver.java:428)
at org.openqa.selenium.By$ByXPath.findElement(By.java:353)
at org.openqa.selenium.remote.RemoteWebDriver.findElement(RemoteWebDriver.java:315)
at org.openqa.selenium.support.pagefactory.DefaultElementLocator.findElement(DefaultElementLocator.java:69)
at org.openqa.selenium.support.pagefactory.internal.LocatingElementHandler.invoke(LocatingElementHandler.java:38)
at com.sun.proxy.$Proxy11.isDisplayed(Unknown Source)
at org.openqa.selenium.support.ui.ExpectedConditions.elementIfVisible(ExpectedConditions.java:314)
at org.openqa.selenium.support.ui.ExpectedConditions.access$000(ExpectedConditions.java:43)
at org.openqa.selenium.support.ui.ExpectedConditions$10.apply(ExpectedConditions.java:300)
at org.openqa.selenium.support.ui.ExpectedConditions$10.apply(ExpectedConditions.java:297)
at org.openqa.selenium.support.ui.FluentWait.until(FluentWait.java:249)
... 18 more
]]>
                        </full-stacktrace>
                    </exception> <!-- org.openqa.selenium.TimeoutException -->
                    <reporter-output>
                    </reporter-output>
                </test-method> <!-- verifyOOSMessageIsDisplayed -->
                <test-method
                        signature="verifyOOSMessageIsDisplayed()[pri:4, instance:sporter_test.AeProductDetailsPageTestCases@306e95ec]"
                        started-at="2022-12-29T08:13:44 EET" name="verifyOOSMessageIsDisplayed"
                        description="Make sure the out of stock message appears when displaying out of stock product "
                        finished-at="2022-12-29T08:13:51 EET" duration-ms="6964" status="FAIL">
                    <exception class="org.openqa.selenium.TimeoutException">
                        <message>
                            <![CDATA[Expected condition failed: waiting for visibility of Proxy element for: DefaultElementLocator 'By.xpath: //span[contains(text(),"We're sorry for not being able to provide you with")]' (tried for 5 second(s) with 500 milliseconds interval)]]>
                        </message>
                        <full-stacktrace>
                            <![CDATA[org.openqa.selenium.TimeoutException: Expected condition failed: waiting for visibility of Proxy element for: DefaultElementLocator 'By.xpath: //span[contains(text(),"We're sorry for not being able to provide you with")]' (tried for 5 second(s) with 500 milliseconds interval)
at org.openqa.selenium.support.ui.WebDriverWait.timeoutException(WebDriverWait.java:95)
at org.openqa.selenium.support.ui.FluentWait.until(FluentWait.java:272)
at core.DataHelperAndWait.waitToBeVisible(DataHelperAndWait.java:66)
at sporter_pages.AeProductDetailsPage.getOOSMsg(AeProductDetailsPage.java:234)
at sporter_test.AeProductDetailsPageTestCases.verifyOOSMessageIsDisplayed(AeProductDetailsPageTestCases.java:62)
at java.base/jdk.internal.reflect.NativeMethodAccessorImpl.invoke0(Native Method)
at java.base/jdk.internal.reflect.NativeMethodAccessorImpl.invoke(NativeMethodAccessorImpl.java:62)
at java.base/jdk.internal.reflect.DelegatingMethodAccessorImpl.invoke(DelegatingMethodAccessorImpl.java:43)
at java.base/java.lang.reflect.Method.invoke(Method.java:566)
at org.testng.internal.invokers.MethodInvocationHelper.invokeMethod(MethodInvocationHelper.java:139)
at org.testng.internal.invokers.TestInvoker.invokeMethod(TestInvoker.java:677)
at org.testng.internal.invokers.TestInvoker.retryFailed(TestInvoker.java:263)
at org.testng.internal.invokers.MethodRunner.runInSequence(MethodRunner.java:62)
at org.testng.internal.invokers.TestInvoker$MethodInvocationAgent.invoke(TestInvoker.java:962)
at org.testng.internal.invokers.TestInvoker.invokeTestMethods(TestInvoker.java:194)
at org.testng.internal.invokers.TestMethodWorker.invokeTestMethods(TestMethodWorker.java:148)
at org.testng.internal.invokers.TestMethodWorker.run(TestMethodWorker.java:128)
at java.base/java.util.concurrent.ThreadPoolExecutor.runWorker(ThreadPoolExecutor.java:1128)
at java.base/java.util.concurrent.ThreadPoolExecutor$Worker.run(ThreadPoolExecutor.java:628)
at java.base/java.lang.Thread.run(Thread.java:834)
Caused by: org.openqa.selenium.NoSuchElementException: no such element: Unable to locate element: {"method":"xpath","selector":"//span[contains(text(),"We're sorry for not being able to provide you with")]"}
  (Session info: chrome=108.0.5359.125)
For documentation on this error, please visit: https://www.seleniumhq.org/exceptions/no_such_element.html
Build info: version: '3.141.59', revision: 'e82be7d358', time: '2018-11-14T08:17:03'
System info: host: 'JOR-WALAAJ', ip: '192.168.40.8', os.name: 'Windows 10', os.arch: 'amd64', os.version: '10.0', java.version: '11.0.15'
Driver info: org.openqa.selenium.chrome.ChromeDriver
Capabilities {acceptInsecureCerts: false, browserName: chrome, browserVersion: 108.0.5359.125, chrome: {chromedriverVersion: 108.0.5359.71 (1e0e3868ee06..., userDataDir: C:\Users\W92F2~1.JUM\AppDat...}, goog:chromeOptions: {debuggerAddress: localhost:63980}, javascriptEnabled: true, networkConnectionEnabled: false, pageLoadStrategy: normal, platform: WINDOWS, platformName: WINDOWS, proxy: Proxy(), setWindowRect: true, strictFileInteractability: false, timeouts: {implicit: 0, pageLoad: 300000, script: 30000}, unhandledPromptBehavior: dismiss and notify, webauthn:extension:credBlob: true, webauthn:extension:largeBlob: true, webauthn:virtualAuthenticators: true}
Session ID: 67ba6e07ccd5488d9fa0e711d6d34a2d
*** Element info: {Using=xpath, value=//span[contains(text(),"We're sorry for not being able to provide you with")]}
at jdk.internal.reflect.GeneratedConstructorAccessor13.newInstance(Unknown Source)
at java.base/jdk.internal.reflect.DelegatingConstructorAccessorImpl.newInstance(DelegatingConstructorAccessorImpl.java:45)
at java.base/java.lang.reflect.Constructor.newInstance(Constructor.java:490)
at org.openqa.selenium.remote.http.W3CHttpResponseCodec.createException(W3CHttpResponseCodec.java:187)
at org.openqa.selenium.remote.http.W3CHttpResponseCodec.decode(W3CHttpResponseCodec.java:122)
at org.openqa.selenium.remote.http.W3CHttpResponseCodec.decode(W3CHttpResponseCodec.java:49)
at org.openqa.selenium.remote.HttpCommandExecutor.execute(HttpCommandExecutor.java:158)
at org.openqa.selenium.remote.service.DriverCommandExecutor.execute(DriverCommandExecutor.java:83)
at org.openqa.selenium.remote.RemoteWebDriver.execute(RemoteWebDriver.java:552)
at org.openqa.selenium.remote.RemoteWebDriver.findElement(RemoteWebDriver.java:323)
at org.openqa.selenium.remote.RemoteWebDriver.findElementByXPath(RemoteWebDriver.java:428)
at org.openqa.selenium.By$ByXPath.findElement(By.java:353)
at org.openqa.selenium.remote.RemoteWebDriver.findElement(RemoteWebDriver.java:315)
at org.openqa.selenium.support.pagefactory.DefaultElementLocator.findElement(DefaultElementLocator.java:69)
at org.openqa.selenium.support.pagefactory.internal.LocatingElementHandler.invoke(LocatingElementHandler.java:38)
at com.sun.proxy.$Proxy11.isDisplayed(Unknown Source)
at org.openqa.selenium.support.ui.ExpectedConditions.elementIfVisible(ExpectedConditions.java:314)
at org.openqa.selenium.support.ui.ExpectedConditions.access$000(ExpectedConditions.java:43)
at org.openqa.selenium.support.ui.ExpectedConditions$10.apply(ExpectedConditions.java:300)
at org.openqa.selenium.support.ui.ExpectedConditions$10.apply(ExpectedConditions.java:297)
at org.openqa.selenium.support.ui.FluentWait.until(FluentWait.java:249)
... 18 more
]]>
                        </full-stacktrace>
                    </exception> <!-- org.openqa.selenium.TimeoutException -->
                    <reporter-output>
                    </reporter-output>
                </test-method> <!-- verifyOOSMessageIsDisplayed -->
                <test-method
                        signature="verifyInabilityToAddOosProductToTheCart()[pri:5, instance:sporter_test.AeProductDetailsPageTestCases@306e95ec]"
                        started-at="2022-12-29T08:13:51 EET" name="verifyInabilityToAddOosProductToTheCart"
                        description="Make sure the shopper is unable to add out of stock product to the cart"
                        finished-at="2022-12-29T08:13:51 EET"
                        depends-on-methods="sporter_test.AeProductDetailsPageTestCases.verifyOOSMessageIsDisplayed"
                        duration-ms="0" status="SKIP">
                    <exception class="java.lang.Throwable">
                        <message>
                            <![CDATA[Method sporter_test.AeProductDetailsPageTestCases.verifyInabilityToAddOosProductToTheCart() on instance sporter_test.AeProductDetailsPageTestCases@306e95ec depends on not successfully finished methods
[sporter_test.AeProductDetailsPageTestCases.verifyOOSMessageIsDisplayed() on instance sporter_test.AeProductDetailsPageTestCases@306e95ec]]]>
                        </message>
                        <full-stacktrace>
                            <![CDATA[java.lang.Throwable: Method sporter_test.AeProductDetailsPageTestCases.verifyInabilityToAddOosProductToTheCart() on instance sporter_test.AeProductDetailsPageTestCases@306e95ec depends on not successfully finished methods
[sporter_test.AeProductDetailsPageTestCases.verifyOOSMessageIsDisplayed() on instance sporter_test.AeProductDetailsPageTestCases@306e95ec]
at org.testng.internal.invokers.TestInvoker.invokeTestMethods(TestInvoker.java:150)
at org.testng.internal.invokers.TestMethodWorker.invokeTestMethods(TestMethodWorker.java:148)
at org.testng.internal.invokers.TestMethodWorker.run(TestMethodWorker.java:128)
at java.base/java.util.concurrent.ThreadPoolExecutor.runWorker(ThreadPoolExecutor.java:1128)
at java.base/java.util.concurrent.ThreadPoolExecutor$Worker.run(ThreadPoolExecutor.java:628)
at java.base/java.lang.Thread.run(Thread.java:834)
]]>
                        </full-stacktrace>
                    </exception> <!-- java.lang.Throwable -->
                    <reporter-output>
                    </reporter-output>
                </test-method> <!-- verifyInabilityToAddOosProductToTheCart -->
                <test-method is-config="true"
                             signature="tearDown()[pri:0, instance:sporter_test.AeProductDetailsPageTestCases@306e95ec]"
                             started-at="2022-12-29T08:13:51 EET" name="tearDown" finished-at="2022-12-29T08:13:52 EET"
                             duration-ms="1307" status="PASS">
                    <reporter-output>
                    </reporter-output>
                </test-method> <!-- tearDown -->
            </class> <!-- sporter_test.AeProductDetailsPageTestCases -->
        </test> <!--  System Testing Report -->
    </suite> <!--  Test -->
</testng-results>
